<?xml version="1.0" encoding="UTF-8"?>
<testsuite name="co.zonafit.runner.ZonaFitTest" tests="1" skipped="0" failures="0" errors="0" timestamp="2021-12-30T06:48:06" hostname="DESKTOP-1FASTHS" time="0.027">
  <properties/>
  <testcase name="zonaFitCamposObligatorios()" classname="co.zonafit.runner.ZonaFitTest" time="0.027"/>
  <system-out><![CDATA[]]></system-out>
  <system-err><![CDATA[]]></system-err>
</testsuite>
